TN:
SF:/Users/seniorconsultant/Documents/ToDo/app/redux/combineReducers.js
FNF:0
FNH:0
DA:1,1
DA:2,1
DA:4,1
DA:5,1
DA:7,1
DA:9,1
LF:6
LH:6
BRF:0
BRH:0
end_of_record
TN:
SF:/Users/seniorconsultant/Documents/ToDo/app/redux/todos/actionTodos.js
FN:6,addTodo
FN:12,toggleTodo
FNF:2
FNH:2
FNDA:3,addTodo
FNDA:1,toggleTodo
DA:1,1
DA:2,1
DA:4,1
DA:6,3
DA:9,1
DA:12,1
DA:14,1
LF:7
LH:7
BRF:0
BRH:0
end_of_record
TN:
SF:/Users/seniorconsultant/Documents/ToDo/app/redux/todos/reducerTodos.js
FN:5,createTodo
FN:11,toggleTodo
FN:12,(anonymous_2)
FN:14,todos
FNF:4
FNH:4
FNDA:3,createTodo
FNDA:1,toggleTodo
FNDA:2,(anonymous_2)
FNDA:8,todos
DA:1,2
DA:2,2
DA:3,2
DA:5,3
DA:11,2
DA:12,2
DA:14,8
DA:15,8
DA:17,3
DA:19,1
DA:21,4
DA:25,2
LF:12
LH:12
BRDA:12,0,0,1
BRDA:12,0,1,1
BRDA:14,1,0,4
BRDA:14,1,1,4
BRDA:14,2,0,8
BRDA:14,2,1,8
BRDA:14,3,0,8
BRDA:14,3,1,0
BRDA:15,4,0,3
BRDA:15,4,1,1
BRDA:15,4,2,4
BRF:11
BRH:10
end_of_record
TN:
SF:/Users/seniorconsultant/Documents/ToDo/app/redux/visibilityFilter/actionVisibilityFilter.js
FN:5,setVisibilityFilter
FNF:1
FNH:1
FNDA:1,setVisibilityFilter
DA:1,1
DA:3,1
DA:5,1
DA:6,1
DA:9,1
DA:12,1
LF:6
LH:6
BRF:0
BRH:0
end_of_record
TN:
SF:/Users/seniorconsultant/Documents/ToDo/app/redux/visibilityFilter/reducerVisibilityFilter.js
FN:5,visibilityFilter
FNF:1
FNH:1
FNDA:5,visibilityFilter
DA:1,2
DA:3,2
DA:5,2
DA:8,5
DA:9,5
DA:11,1
DA:13,4
DA:17,2
LF:8
LH:8
BRDA:8,0,0,0
BRDA:8,0,1,5
BRDA:8,1,0,5
BRDA:8,1,1,5
BRDA:8,2,0,5
BRDA:8,2,1,0
BRDA:9,3,0,1
BRDA:9,3,1,4
BRF:8
BRH:6
end_of_record
